From users-return-138042-apmail-maven-users-archive=maven.apache.org@maven.apache.org  Tue Dec 16 23:37:54 2014
Return-Path: <users-return-138042-apmail-maven-users-archive=maven.apache.org@maven.apache.org>
X-Original-To: apmail-maven-users-archive@www.apache.org
Delivered-To: apmail-maven-users-archive@www.apache.org
Received: from mail.apache.org (hermes.apache.org [140.211.11.3])
	by minotaur.apache.org (Postfix) with SMTP id CABFF10243
	for <apmail-maven-users-archive@www.apache.org>; Tue, 16 Dec 2014 23:37:54 +0000 (UTC)
Received: (qmail 18456 invoked by uid 500); 16 Dec 2014 23:37:47 -0000
Delivered-To: apmail-maven-users-archive@maven.apache.org
Received: (qmail 18369 invoked by uid 500); 16 Dec 2014 23:37:47 -0000
Mailing-List: contact users-help@maven.apache.org; run by ezmlm
Precedence: bulk
List-Unsubscribe: <mailto:users-unsubscribe@maven.apache.org>
List-Help: <mailto:users-help@maven.apache.org>
List-Post: <mailto:users@maven.apache.org>
List-Id: "Maven Users List" <users.maven.apache.org>
Reply-To: "Maven Users List" <users@maven.apache.org>
Delivered-To: mailing list users@maven.apache.org
Received: (qmail 18356 invoked by uid 99); 16 Dec 2014 23:37:47 -0000
Received: from athena.apache.org (HELO athena.apache.org) (140.211.11.136)
    by apache.org (qpsmtpd/0.29) with ESMTP; Tue, 16 Dec 2014 23:37:47 +0000
X-ASF-Spam-Status: No, hits=-0.0 required=5.0
	tests=SPF_PASS
X-Spam-Check-By: apache.org
Received-SPF: pass (athena.apache.org: domain of mailings@cedarsoft.com designates 176.9.39.58 as permitted sender)
Received: from [176.9.39.58] (HELO mail.cedarsoft.com) (176.9.39.58)
    by apache.org (qpsmtpd/0.29) with ESMTP; Tue, 16 Dec 2014 23:37:43 +0000
Received: from [IPv6:2a02:8070:8680:9f80:c41c:7d63:5351:16b6] (unknown [IPv6:2a02:8070:8680:9f80:c41c:7d63:5351:16b6])
	(using TLSv1.2 with cipher ECDHE-RSA-AES128-GCM-SHA256 (128/128 bits))
	(No client certificate requested)
	by mail.cedarsoft.com (Postfix) with ESMTPSA id 27B2D1E61B9
	for <users@maven.apache.org>; Wed, 17 Dec 2014 00:37:21 +0100 (CET)
Message-ID: <5490C230.7020902@cedarsoft.com>
Date: Wed, 17 Dec 2014 00:37:20 +0100
From: Johannes Schneider <mailings@cedarsoft.com>
User-Agent: Mozilla/5.0 (X11; Linux x86_64; rv:31.0) Gecko/20100101 Thunderbird/31.3.0
MIME-Version: 1.0
To: users@maven.apache.org
Subject: Certificate problem with hostet Nexus
Content-Type: text/plain; charset=utf-8; format=flowed
Content-Transfer-Encoding: 7bit
X-Virus-Checked: Checked by ClamAV on apache.org

Hey guys,


I have deployed the core.jar from processing.org to my own hostest nexus 
repository 
(https://nexus.cedarsoft.com/content/repositories/processing/org/processing/core/2.2.1/).

I have the following pom[1].
Running "mvn install" gives this output 
[2]:"java.security.cert.CertificateExpiredException: NotAfter: Thu Oct 
31 06:13:55 CET 2013"

I tried it on two different computers, same problem.
I am using Java 1.8.0_25 and Maven 3.2.3 using Linux.
I am using a startssl.com certificate. But I don't think this should be 
a problem, since I have other repositories (maven central mirror) that 
work fine.


Any ideas?


Thanks,

Johannes



[1]
---------
<?xml version="1.0" encoding="UTF-8"?>
<project xmlns="http://maven.apache.org/POM/4.0.0" 
xmlns:xsi="http://www.w3.org/2001/XMLSchema-instance" 
xsi:schemaLocation="http://maven.apache.org/POM/4.0.0 
http://maven.apache.org/maven-v4_0_0.xsd">

   <modelVersion>4.0.0</modelVersion>

   <groupId>com.cedarsoft</groupId>
   <artifactId>processing-sample</artifactId>
   <version>1.0.0-SNAPSHOT</version>
   <description>Processing Sample</description>

   <repositories>
     <repository>
       <id>processing-repo</id>
 
<url>https://nexus.cedarsoft.com/content/repositories/processing</url>
     </repository>
   </repositories>

   <dependencies>
     <dependency>
       <groupId>org.processing</groupId>
       <artifactId>core</artifactId>
       <version>2.2.1</version>
       <scope>test</scope>
     </dependency>

     <dependency>
       <groupId>junit</groupId>
       <artifactId>junit</artifactId>
       <version>4.12</version>
       <scope>test</scope>
     </dependency>
   </dependencies>


</project>
--------------------


[2]
-------------------
[INFO] Error stacktraces are turned on.
[INFO] Scanning for projects...
[INFO] 

[INFO] 
------------------------------------------------------------------------
[INFO] Building processing-sample 1.0.0-SNAPSHOT
[INFO] 
------------------------------------------------------------------------
Downloading: 
https://nexus.cedarsoft.com/content/repositories/processing/org/processing/core/2.2.1/core-2.2.1.pom
[INFO] 
------------------------------------------------------------------------
[INFO] BUILD FAILURE
[INFO] 
------------------------------------------------------------------------
[INFO] Total time: 0.646 s
[INFO] Finished at: 2014-12-17T00:34:00+01:00
[INFO] Final Memory: 12M/303M
[INFO] 
------------------------------------------------------------------------
[ERROR] Failed to execute goal on project processing-sample: Could not 
resolve dependencies for project 
com.cedarsoft:processing-sample:jar:1.0.0-SNAPSHOT: Failed to collect 
dependencies at org.processing:core:jar:2.2.1: Failed to read artifact 
descriptor for org.processing:core:jar:2.2.1: Could not transfer 
artifact org.processing:core:pom:2.2.1 from/to processing-repo 
(https://nexus.cedarsoft.com/content/repositories/processing): 
sun.security.validator.ValidatorException: PKIX path validation failed: 
java.security.cert.CertPathValidatorException: timestamp check failed: 
NotAfter: Thu Oct 31 06:13:55 CET 2013 -> [Help 1]
org.apache.maven.lifecycle.LifecycleExecutionException: Failed to 
execute goal on project processing-sample: Could not resolve 
dependencies for project 
com.cedarsoft:processing-sample:jar:1.0.0-SNAPSHOT: Failed to collect 
dependencies at org.processing:core:jar:2.2.1
	at 
org.apache.maven.lifecycle.internal.LifecycleDependencyResolver.getDependencies(LifecycleDependencyResolver.java:220)
	at 
org.apache.maven.lifecycle.internal.LifecycleDependencyResolver.resolveProjectDependencies(LifecycleDependencyResolver.java:127)
	at 
org.apache.maven.lifecycle.internal.MojoExecutor.ensureDependenciesAreResolved(MojoExecutor.java:257)
	at 
org.apache.maven.lifecycle.internal.MojoExecutor.execute(MojoExecutor.java:200)
	at 
org.apache.maven.lifecycle.internal.MojoExecutor.execute(MojoExecutor.java:153)
	at 
org.apache.maven.lifecycle.internal.MojoExecutor.execute(MojoExecutor.java:145)
	at 
org.apache.maven.lifecycle.internal.LifecycleModuleBuilder.buildProject(LifecycleModuleBuilder.java:116)
	at 
org.apache.maven.lifecycle.internal.LifecycleModuleBuilder.buildProject(LifecycleModuleBuilder.java:80)
	at 
org.apache.maven.lifecycle.internal.builder.singlethreaded.SingleThreadedBuilder.build(SingleThreadedBuilder.java:51)
	at 
org.apache.maven.lifecycle.internal.LifecycleStarter.execute(LifecycleStarter.java:120)
	at org.apache.maven.DefaultMaven.doExecute(DefaultMaven.java:347)
	at org.apache.maven.DefaultMaven.execute(DefaultMaven.java:154)
	at org.apache.maven.cli.MavenCli.execute(MavenCli.java:582)
	at org.apache.maven.cli.MavenCli.doMain(MavenCli.java:214)
	at org.apache.maven.cli.MavenCli.main(MavenCli.java:158)
	at sun.reflect.NativeMethodAccessorImpl.invoke0(Native Method)
	at 
sun.reflect.NativeMethodAccessorImpl.invoke(NativeMethodAccessorImpl.java:62)
	at 
sun.reflect.DelegatingMethodAccessorImpl.invoke(DelegatingMethodAccessorImpl.java:43)
	at java.lang.reflect.Method.invoke(Method.java:483)
	at 
org.codehaus.plexus.classworlds.launcher.Launcher.launchEnhanced(Launcher.java:289)
	at 
org.codehaus.plexus.classworlds.launcher.Launcher.launch(Launcher.java:229)
	at 
org.codehaus.plexus.classworlds.launcher.Launcher.mainWithExitCode(Launcher.java:415)
	at 
org.codehaus.plexus.classworlds.launcher.Launcher.main(Launcher.java:356)
Caused by: org.apache.maven.project.DependencyResolutionException: Could 
not resolve dependencies for project 
com.cedarsoft:processing-sample:jar:1.0.0-SNAPSHOT: Failed to collect 
dependencies at org.processing:core:jar:2.2.1
	at 
org.apache.maven.project.DefaultProjectDependenciesResolver.resolve(DefaultProjectDependenciesResolver.java:167)
	at 
org.apache.maven.lifecycle.internal.LifecycleDependencyResolver.getDependencies(LifecycleDependencyResolver.java:195)
	... 22 more
Caused by: org.eclipse.aether.collection.DependencyCollectionException: 
Failed to collect dependencies at org.processing:core:jar:2.2.1
	at 
org.eclipse.aether.internal.impl.DefaultDependencyCollector.collectDependencies(DefaultDependencyCollector.java:292)
	at 
org.eclipse.aether.internal.impl.DefaultRepositorySystem.collectDependencies(DefaultRepositorySystem.java:317)
	at 
org.apache.maven.project.DefaultProjectDependenciesResolver.resolve(DefaultProjectDependenciesResolver.java:159)
	... 23 more
Caused by: org.eclipse.aether.resolution.ArtifactDescriptorException: 
Failed to read artifact descriptor for org.processing:core:jar:2.2.1
	at 
org.apache.maven.repository.internal.DefaultArtifactDescriptorReader.loadPom(DefaultArtifactDescriptorReader.java:349)
	at 
org.apache.maven.repository.internal.DefaultArtifactDescriptorReader.readArtifactDescriptor(DefaultArtifactDescriptorReader.java:231)
	at 
org.eclipse.aether.internal.impl.DefaultDependencyCollector.process(DefaultDependencyCollector.java:461)
	at 
org.eclipse.aether.internal.impl.DefaultDependencyCollector.collectDependencies(DefaultDependencyCollector.java:261)
	... 25 more
Caused by: org.eclipse.aether.resolution.ArtifactResolutionException: 
Could not transfer artifact org.processing:core:pom:2.2.1 from/to 
processing-repo 
(https://nexus.cedarsoft.com/content/repositories/processing): 
sun.security.validator.ValidatorException: PKIX path validation failed: 
java.security.cert.CertPathValidatorException: timestamp check failed
	at 
org.eclipse.aether.internal.impl.DefaultArtifactResolver.resolve(DefaultArtifactResolver.java:459)
	at 
org.eclipse.aether.internal.impl.DefaultArtifactResolver.resolveArtifacts(DefaultArtifactResolver.java:262)
	at 
org.eclipse.aether.internal.impl.DefaultArtifactResolver.resolveArtifact(DefaultArtifactResolver.java:239)
	at 
org.apache.maven.repository.internal.DefaultArtifactDescriptorReader.loadPom(DefaultArtifactDescriptorReader.java:334)
	... 28 more
Caused by: org.eclipse.aether.transfer.ArtifactTransferException: Could 
not transfer artifact org.processing:core:pom:2.2.1 from/to 
processing-repo 
(https://nexus.cedarsoft.com/content/repositories/processing): 
sun.security.validator.ValidatorException: PKIX path validation failed: 
java.security.cert.CertPathValidatorException: timestamp check failed
	at 
org.eclipse.aether.connector.wagon.WagonRepositoryConnector$6.wrap(WagonRepositoryConnector.java:1016)
	at 
org.eclipse.aether.connector.wagon.WagonRepositoryConnector$6.wrap(WagonRepositoryConnector.java:1004)
	at 
org.eclipse.aether.connector.wagon.WagonRepositoryConnector$GetTask.run(WagonRepositoryConnector.java:725)
	at 
org.eclipse.aether.util.concurrency.RunnableErrorForwarder$1.run(RunnableErrorForwarder.java:67)
	at 
java.util.concurrent.ThreadPoolExecutor.runWorker(ThreadPoolExecutor.java:1142)
	at 
java.util.concurrent.ThreadPoolExecutor$Worker.run(ThreadPoolExecutor.java:617)
	at java.lang.Thread.run(Thread.java:745)
Caused by: org.apache.maven.wagon.TransferFailedException: 
sun.security.validator.ValidatorException: PKIX path validation failed: 
java.security.cert.CertPathValidatorException: timestamp check failed
	at 
org.apache.maven.wagon.providers.http.AbstractHttpClientWagon.fillInputData(AbstractHttpClientWagon.java:935)
	at org.apache.maven.wagon.StreamWagon.getInputStream(StreamWagon.java:116)
	at org.apache.maven.wagon.StreamWagon.getIfNewer(StreamWagon.java:88)
	at org.apache.maven.wagon.StreamWagon.get(StreamWagon.java:61)
	at 
org.eclipse.aether.connector.wagon.WagonRepositoryConnector$GetTask.run(WagonRepositoryConnector.java:660)
	... 4 more
Caused by: javax.net.ssl.SSLHandshakeException: 
sun.security.validator.ValidatorException: PKIX path validation failed: 
java.security.cert.CertPathValidatorException: timestamp check failed
	at sun.security.ssl.Alerts.getSSLException(Alerts.java:192)
	at sun.security.ssl.SSLSocketImpl.fatal(SSLSocketImpl.java:1917)
	at sun.security.ssl.Handshaker.fatalSE(Handshaker.java:301)
	at sun.security.ssl.Handshaker.fatalSE(Handshaker.java:295)
	at 
sun.security.ssl.ClientHandshaker.serverCertificate(ClientHandshaker.java:1471)
	at 
sun.security.ssl.ClientHandshaker.processMessage(ClientHandshaker.java:212)
	at sun.security.ssl.Handshaker.processLoop(Handshaker.java:936)
	at sun.security.ssl.Handshaker.process_record(Handshaker.java:871)
	at sun.security.ssl.SSLSocketImpl.readRecord(SSLSocketImpl.java:1043)
	at 
sun.security.ssl.SSLSocketImpl.performInitialHandshake(SSLSocketImpl.java:1343)
	at sun.security.ssl.SSLSocketImpl.startHandshake(SSLSocketImpl.java:1371)
	at sun.security.ssl.SSLSocketImpl.startHandshake(SSLSocketImpl.java:1355)
	at 
org.apache.maven.wagon.providers.http.httpclient.conn.ssl.SSLConnectionSocketFactory.connectSocket(SSLConnectionSocketFactory.java:261)
	at 
org.apache.maven.wagon.providers.http.httpclient.impl.conn.HttpClientConnectionOperator.connect(HttpClientConnectionOperator.java:118)
	at 
org.apache.maven.wagon.providers.http.httpclient.impl.conn.PoolingHttpClientConnectionManager.connect(PoolingHttpClientConnectionManager.java:314)
	at 
org.apache.maven.wagon.providers.http.httpclient.impl.execchain.MainClientExec.establishRoute(MainClientExec.java:357)
	at 
org.apache.maven.wagon.providers.http.httpclient.impl.execchain.MainClientExec.execute(MainClientExec.java:218)
	at 
org.apache.maven.wagon.providers.http.httpclient.impl.execchain.ProtocolExec.execute(ProtocolExec.java:194)
	at 
org.apache.maven.wagon.providers.http.httpclient.impl.execchain.RetryExec.execute(RetryExec.java:85)
	at 
org.apache.maven.wagon.providers.http.httpclient.impl.execchain.RedirectExec.execute(RedirectExec.java:108)
	at 
org.apache.maven.wagon.providers.http.httpclient.impl.client.InternalHttpClient.doExecute(InternalHttpClient.java:186)
	at 
org.apache.maven.wagon.providers.http.httpclient.impl.client.CloseableHttpClient.execute(CloseableHttpClient.java:82)
	at 
org.apache.maven.wagon.providers.http.AbstractHttpClientWagon.execute(AbstractHttpClientWagon.java:756)
	at 
org.apache.maven.wagon.providers.http.AbstractHttpClientWagon.fillInputData(AbstractHttpClientWagon.java:854)
	... 8 more
Caused by: sun.security.validator.ValidatorException: PKIX path 
validation failed: java.security.cert.CertPathValidatorException: 
timestamp check failed
	at sun.security.validator.PKIXValidator.doValidate(PKIXValidator.java:352)
	at 
sun.security.validator.PKIXValidator.engineValidate(PKIXValidator.java:260)
	at sun.security.validator.Validator.validate(Validator.java:260)
	at 
sun.security.ssl.X509TrustManagerImpl.validate(X509TrustManagerImpl.java:324)
	at 
sun.security.ssl.X509TrustManagerImpl.checkTrusted(X509TrustManagerImpl.java:229)
	at 
sun.security.ssl.X509TrustManagerImpl.checkServerTrusted(X509TrustManagerImpl.java:124)
	at 
sun.security.ssl.ClientHandshaker.serverCertificate(ClientHandshaker.java:1453)
	... 27 more
Caused by: java.security.cert.CertPathValidatorException: timestamp 
check failed
	at 
sun.security.provider.certpath.PKIXMasterCertPathValidator.validate(PKIXMasterCertPathValidator.java:129)
	at 
sun.security.provider.certpath.PKIXCertPathValidator.validate(PKIXCertPathValidator.java:212)
	at 
sun.security.provider.certpath.PKIXCertPathValidator.validate(PKIXCertPathValidator.java:140)
	at 
sun.security.provider.certpath.PKIXCertPathValidator.engineValidate(PKIXCertPathValidator.java:79)
	at 
java.security.cert.CertPathValidator.validate(CertPathValidator.java:292)
	at sun.security.validator.PKIXValidator.doValidate(PKIXValidator.java:347)
	... 33 more
Caused by: java.security.cert.CertificateExpiredException: NotAfter: Thu 
Oct 31 06:13:55 CET 2013
	at 
sun.security.x509.CertificateValidity.valid(CertificateValidity.java:274)
	at sun.security.x509.X509CertImpl.checkValidity(X509CertImpl.java:629)
	at 
sun.security.provider.certpath.BasicChecker.verifyTimestamp(BasicChecker.java:190)
	at sun.security.provider.certpath.BasicChecker.check(BasicChecker.java:144)
	at 
sun.security.provider.certpath.PKIXMasterCertPathValidator.validate(PKIXMasterCertPathValidator.java:119)
	... 38 more
[ERROR]
[ERROR] Re-run Maven using the -X switch to enable full debug logging.
[ERROR]
[ERROR] For more information about the errors and possible solutions, 
please read the following articles:
[ERROR] [Help 1] 
http://cwiki.apache.org/confluence/display/MAVEN/DependencyResolutionException
--------------------------

---------------------------------------------------------------------
To unsubscribe, e-mail: users-unsubscribe@maven.apache.org
For additional commands, e-mail: users-help@maven.apache.org


